<?xml version="1.0" encoding="UTF-8"?>
<!-- Generated by org.testng.reporters.JUnitReportReporter -->
<testsuite hostname="JIM-TI8227" name="TestCases.LoginTestcase" tests="1" failures="0" timestamp="25 Oct 2015 05:31:24 GMT" time="20.084" errors="0">
  <testcase name="valid_login" time="20.084" classname="TestCases.LoginTestcase"/>
</testsuite> <!-- TestCases.LoginTestcase -->
