<?xml version="1.0" encoding="UTF-8"?>
<!-- Generated by org.testng.reporters.JUnitReportReporter -->
<testsuite hostname="JIM-TI8227" name="pageObjectModel.Login_POM" tests="1" failures="0" timestamp="24 Oct 2015 05:38:14 GMT" time="27.120" errors="0">
  <testcase name="validtest" time="27.120" classname="pageObjectModel.Login_POM"/>
</testsuite> <!-- pageObjectModel.Login_POM -->
